<?xml version="1.0" encoding="UTF-8"?>
<!-- Generated by org.testng.reporters.JUnitXMLReporter -->
<testsuite ignored="0" hostname="DESKTOP-2IJS79F" failures="0" tests="4" name="Surefire test" time="0.1" errors="0" timestamp="2023-05-30T18:54:46 IST">
  <testcase classname="practice.PracticeTest" name="a1" time="0.01"/>
  <testcase classname="practice.S1Test" name="a2" time="0.002"/>
  <testcase classname="practice1.PS1Test" name="test1" time="0.002"/>
  <testcase classname="practice1.PS2Test" name="practice" time="0.002"/>
</testsuite> <!-- Surefire test -->
