<?xml version="1.0" encoding="UTF-8"?>
<testng-results ignored="0" total="4" passed="4" failed="0" skipped="0">
  <reporter-output>
  </reporter-output>
  <suite started-at="2023-05-30T18:54:46 IST" name="Surefire suite" finished-at="2023-05-30T18:54:46 IST" duration-ms="100">
    <groups>
    </groups>
    <test started-at="2023-05-30T18:54:46 IST" name="Surefire test" finished-at="2023-05-30T18:54:46 IST" duration-ms="100">
      <class name="practice.S1Test">
        <test-method signature="a2()[pri:0, instance:practice.S1Test@2928854b]" started-at="2023-05-30T18:54:46 IST" name="a2" finished-at="2023-05-30T18:54:46 IST" duration-ms="2" status="PASS">
          <reporter-output>
          </reporter-output>
        </test-method> <!-- a2 -->
      </class> <!-- practice.S1Test -->
      <class name="practice1.PS2Test">
        <test-method signature="practice()[pri:0, instance:practice1.PS2Test@29176cc1]" started-at="2023-05-30T18:54:46 IST" name="practice" finished-at="2023-05-30T18:54:46 IST" duration-ms="2" status="PASS">
          <reporter-output>
          </reporter-output>
        </test-method> <!-- practice -->
      </class> <!-- practice1.PS2Test -->
      <class name="practice1.PS1Test">
        <test-method signature="test1()[pri:0, instance:practice1.PS1Test@27ae2fd0]" started-at="2023-05-30T18:54:46 IST" name="test1" finished-at="2023-05-30T18:54:46 IST" duration-ms="2" status="PASS">
          <reporter-output>
          </reporter-output>
        </test-method> <!-- test1 -->
      </class> <!-- practice1.PS1Test -->
      <class name="practice.PracticeTest">
        <test-method signature="a1()[pri:0, instance:practice.PracticeTest@3901d134]" started-at="2023-05-30T18:54:46 IST" name="a1" finished-at="2023-05-30T18:54:46 IST" duration-ms="10" status="PASS">
          <reporter-output>
          </reporter-output>
        </test-method> <!-- a1 -->
      </class> <!-- practice.PracticeTest -->
    </test> <!-- Surefire test -->
  </suite> <!-- Surefire suite -->
</testng-results>
